Build started 4/15/2016 1:45:41 AM.
     1>Project "c:\Users\Liduta\documents\visual studio 2010\Projects\WP-lab4-ADV\WP-lab4-ADV\WP-lab4-ADV.vcxproj" on node 2 (build target(s)).
     1>InitializeBuildStatus:
         Creating "Debug\WP-lab4-ADV.unsuccessfulbuild" because "AlwaysCreate" was specified.
       ClCompile:
         C:\Program Files (x86)\Microsoft Visual Studio 10.0\VC\bin\CL.exe /c /ZI /nologo /W3 /WX- /Od /Oy- /D WIN32 /D _DEBUG /D _WINDOWS /D _UNICODE /D UNICODE /Gm /EHsc /RTC1 /MDd /GS /fp:precise /Zc:wchar_t /Zc:forScope /Fo"Debug\\" /Fd"Debug\vc100.pdb" /Gd /TP /analyze- /errorReport:prompt Object.cpp
         Object.cpp
     1>c:\users\liduta\documents\visual studio 2010\projects\wp-lab4-adv\wp-lab4-adv\object.cpp(47): warning C4244: '=' : conversion from 'double' to 'float', possible loss of data
       ManifestResourceCompile:
         All outputs are up-to-date.
       Link:
         C:\Program Files (x86)\Microsoft Visual Studio 10.0\VC\bin\link.exe /ERRORREPORT:PROMPT /OUT:"c:\users\liduta\documents\visual studio 2010\Projects\WP-lab4-ADV\Debug\WP-lab4-ADV.exe" /INCREMENTAL /NOLOGO kernel32.lib user32.lib gdi32.lib winspool.lib comdlg32.lib advapi32.lib shell32.lib ole32.lib oleaut32.lib uuid.lib odbc32.lib odbccp32.lib /MANIFEST /ManifestFile:"Debug\WP-lab4-ADV.exe.intermediate.manifest" /MANIFESTUAC:"level='asInvoker' uiAccess='false'" /DEBUG /PDB:"c:\users\liduta\documents\visual studio 2010\Projects\WP-lab4-ADV\Debug\WP-lab4-ADV.pdb" /SUBSYSTEM:WINDOWS /TLBID:1 /DYNAMICBASE /NXCOMPAT /IMPLIB:"c:\users\liduta\documents\visual studio 2010\Projects\WP-lab4-ADV\Debug\WP-lab4-ADV.lib" /MACHINE:X86 "Debug\WP-lab4-ADV.exe.embed.manifest.res"
         Debug\main.obj
         Debug\Object.obj
       Manifest:
         C:\Program Files (x86)\Microsoft SDKs\Windows\v7.0A\bin\mt.exe /nologo /verbose /out:"Debug\WP-lab4-ADV.exe.embed.manifest" /manifest "Debug\WP-lab4-ADV.exe.intermediate.manifest"
         All outputs are up-to-date.
       LinkEmbedManifest:
         All outputs are up-to-date.
         WP-lab4-ADV.vcxproj -> c:\users\liduta\documents\visual studio 2010\Projects\WP-lab4-ADV\Debug\WP-lab4-ADV.exe
       FinalizeBuildStatus:
         Deleting file "Debug\WP-lab4-ADV.unsuccessfulbuild".
         Touching "Debug\WP-lab4-ADV.lastbuildstate".
     1>Done Building Project "c:\Users\Liduta\documents\visual studio 2010\Projects\WP-lab4-ADV\WP-lab4-ADV\WP-lab4-ADV.vcxproj" (build target(s)).

Build succeeded.

Time Elapsed 00:00:03.19
