Build started 2/19/2016 8:14:35 AM.
     1>Project "D:\DIANA\utm\semestrul4\pw\PW-lab1-ADV\PW-lab1-ADV.vcxproj" on node 2 (build target(s)).
     1>InitializeBuildStatus:
         Creating "Debug\PW-lab1-ADV.unsuccessfulbuild" because "AlwaysCreate" was specified.
       ClCompile:
         C:\Program Files (x86)\Microsoft Visual Studio 10.0\VC\bin\CL.exe /c /ZI /nologo /W3 /WX- /Od /Oy- /D WIN32 /D _DEBUG /D _WINDOWS /D _UNICODE /D UNICODE /Gm /EHsc /RTC1 /MDd /GS /fp:precise /Zc:wchar_t /Zc:forScope /Fo"Debug\\" /Fd"Debug\vc100.pdb" /Gd /TP /analyze- /errorReport:prompt main.cpp
         main.cpp
     1>d:\diana\utm\semestrul4\pw\pw-lab1-adv\main.cpp(1): warning C4005: 'UNICODE' : macro redefinition
                 command-line arguments :  see previous definition of 'UNICODE'
     1>d:\diana\utm\semestrul4\pw\pw-lab1-adv\main.cpp(265): warning C4715: 'WindowProcedure' : not all control paths return a value
       ManifestResourceCompile:
         C:\Program Files (x86)\Microsoft SDKs\Windows\v7.0A\bin\rc.exe /nologo /fo"Debug\PW-lab1-ADV.exe.embed.manifest.res" Debug\PW-lab1-ADV_manifest.rc 
       Link:
         C:\Program Files (x86)\Microsoft Visual Studio 10.0\VC\bin\link.exe /ERRORREPORT:PROMPT /OUT:"D:\DIANA\utm\semestrul4\pw\Debug\PW-lab1-ADV.exe" /INCREMENTAL /NOLOGO kernel32.lib user32.lib gdi32.lib winspool.lib comdlg32.lib advapi32.lib shell32.lib ole32.lib oleaut32.lib uuid.lib odbc32.lib winmm.lib odbccp32.lib kernel32.lib user32.lib gdi32.lib winspool.lib comdlg32.lib advapi32.lib shell32.lib ole32.lib oleaut32.lib uuid.lib odbc32.lib odbccp32.lib /MANIFEST /ManifestFile:"Debug\PW-lab1-ADV.exe.intermediate.manifest" /MANIFESTUAC:"level='asInvoker' uiAccess='false'" /DEBUG /PDB:"D:\DIANA\utm\semestrul4\pw\Debug\PW-lab1-ADV.pdb" /SUBSYSTEM:WINDOWS /TLBID:1 /DYNAMICBASE /NXCOMPAT /IMPLIB:"D:\DIANA\utm\semestrul4\pw\Debug\PW-lab1-ADV.lib" /MACHINE:X86 "Debug\PW-lab1-ADV.exe.embed.manifest.res"
         Debug\main.obj
       Manifest:
         C:\Program Files (x86)\Microsoft SDKs\Windows\v7.0A\bin\mt.exe /nologo /verbose /out:"Debug\PW-lab1-ADV.exe.embed.manifest" /manifest "Debug\PW-lab1-ADV.exe.intermediate.manifest"
         All outputs are up-to-date.
       LinkEmbedManifest:
         All outputs are up-to-date.
         PW-lab1-ADV.vcxproj -> D:\DIANA\utm\semestrul4\pw\Debug\PW-lab1-ADV.exe
       FinalizeBuildStatus:
         Deleting file "Debug\PW-lab1-ADV.unsuccessfulbuild".
         Touching "Debug\PW-lab1-ADV.lastbuildstate".
     1>Done Building Project "D:\DIANA\utm\semestrul4\pw\PW-lab1-ADV\PW-lab1-ADV.vcxproj" (build target(s)).

Build succeeded.

Time Elapsed 00:00:03.39
